<?xml version="1.0" encoding="UTF-8" ?>
<testsuite errors="0" failures="0" hostname="phylmol-145" name="test.beast.core.BEASTInterfaceTest" skipped="0" tests="2" time="0.046" timestamp="2018-04-09T13:18:17">
  <properties>
    <property name="java.vendor" value="Oracle Corporation" />
    <property name="sun.java.launcher" value="SUN_STANDARD" />
    <property name="BEAUti_name" value="BEAUti" />
    <property name="sun.management.compiler" value="HotSpot 64-Bit Tiered Compilers" />
    <property name="dist" value="/home/cerabier/workspace-beast2/beast2/build/dist" />
    <property name="lib" value="/home/cerabier/workspace-beast2/beast2/lib" />
    <property name="os.name" value="Linux" />
    <property name="sun.boot.class.path" value="/usr/lib/jvm/java-8-oracle/jre/lib/resources.jar:/usr/lib/jvm/java-8-oracle/jre/lib/rt.jar:/usr/lib/jvm/java-8-oracle/jre/lib/sunrsasign.jar:/usr/lib/jvm/java-8-oracle/jre/lib/jsse.jar:/usr/lib/jvm/java-8-oracle/jre/lib/jce.jar:/usr/lib/jvm/java-8-oracle/jre/lib/charsets.jar:/usr/lib/jvm/java-8-oracle/jre/lib/jfr.jar:/usr/lib/jvm/java-8-oracle/jre/classes" />
    <property name="AppStore_name" value="AppStore" />
    <property name="report" value="build/junitreport" />
    <property name="common_dir" value="release/common" />
    <property name="sun.desktop" value="gnome" />
    <property name="java.vm.specification.vendor" value="Oracle Corporation" />
    <property name="ant.home" value="/home/cerabier/.p2/pool/plugins/org.apache.ant_1.10.1.v20170504-0840" />
    <property name="java.runtime.version" value="1.8.0_121-b13" />
    <property name="main_class_BEAST" value="beast.app.beastapp.BeastMain" />
    <property name="Mac_package_dir" value="release/Mac/BEAST" />
    <property name="user.name" value="cerabier" />
    <property name="AppleSigner" value="Developer ID Application: Remco Bouckaert (LHFJWE5U63)" />
    <property name="LogAnalyser_name" value="LogAnalyser" />
    <property name="user.language" value="en" />
    <property name="build" value="/home/cerabier/workspace-beast2/beast2/build" />
    <property name="sun.boot.library.path" value="/usr/lib/jvm/java-8-oracle/jre/lib/amd64" />
    <property name="ant.project.default-target" value="build_jar_all_BEAST" />
    <property name="tools_dir" value="release/common/tools" />
    <property name="ant.project.name" value="BUILD_BEAST_2" />
    <property name="java.version" value="1.8.0_121" />
    <property name="version" value="2.4.7" />
    <property name="user.timezone" value="" />
    <property name="sun.arch.data.model" value="64" />
    <property name="Linux_dir" value="release/Linux" />
    <property name="java.endorsed.dirs" value="/usr/lib/jvm/java-8-oracle/jre/lib/endorsed" />
    <property name="doc" value="/home/cerabier/workspace-beast2/beast2/doc" />
    <property name="version_number" value="2.4.7" />
    <property name="sun.cpu.isalist" value="" />
    <property name="sun.jnu.encoding" value="UTF-8" />
    <property name="file.encoding.pkg" value="sun.io" />
    <property name="file.separator" value="/" />
    <property name="java.specification.name" value="Java Platform API Specification" />
    <property name="java.class.version" value="52.0" />
    <property name="src" value="/home/cerabier/workspace-beast2/beast2/src" />
    <property name="Mac_bundle_dir" value="release/Mac/BEAST/BEAST" />
    <property name="user.country" value="US" />
    <property name="java.home" value="/usr/lib/jvm/java-8-oracle/jre" />
    <property name="java.vm.info" value="mixed mode" />
    <property name="Mac_dir" value="release/Mac" />
    <property name="ant.file" value="/home/cerabier/workspace-beast2/beast2/build.xml" />
    <property name="os.version" value="3.13.0-96-generic" />
    <property name="release_dir" value="release" />
    <property name="path.separator" value=":" />
    <property name="java.vm.version" value="25.121-b13" />
    <property name="ant.library.dir" value="/home/cerabier/.p2/pool/plugins/org.apache.ant_1.10.1.v20170504-0840/lib" />
    <property name="java.awt.printerjob" value="sun.print.PSPrinterJob" />
    <property name="sun.io.unicode.encoding" value="UnicodeLittle" />
    <property name="beast1_dir" value="release/common/beast1" />
    <property name="awt.toolkit" value="sun.awt.X11.XToolkit" />
    <property name="BEAST_name" value="BEAST" />
    <property name="TreeAnnotator_name" value="TreeAnnotator" />
    <property name="user.home" value="/home/cerabier" />
    <property name="java.specification.vendor" value="Oracle Corporation" />
    <property name="test" value="/home/cerabier/workspace-beast2/beast2/test" />
    <property name="ant.file.BUILD_BEAST_2" value="/home/cerabier/workspace-beast2/beast2/build.xml" />
    <property name="java.library.path" value="/usr/java/packages/lib/amd64:/usr/lib64:/lib64:/lib:/usr/lib" />
    <property name="java.vendor.url" value="http://java.oracle.com/" />
    <property name="java.vm.vendor" value="Oracle Corporation" />
    <property name="copyright" value="Beast 2 development team 2011-2017" />
    <property name="java.runtime.name" value="Java(TM) SE Runtime Environment" />
    <property name="sun.java.command" value="org.apache.tools.ant.taskdefs.optional.junit.JUnitTestRunner test.beast.core.BEASTInterfaceTest skipNonTests=false filtertrace=true haltOnError=false haltOnFailure=false formatter=org.apache.tools.ant.taskdefs.optional.junit.SummaryJUnitResultFormatter showoutput=false outputtoformatters=true logfailedtests=true threadid=0 logtestlistenerevents=false formatter=org.apache.tools.ant.taskdefs.optional.junit.XMLJUnitResultFormatter,/home/cerabier/workspace-beast2/beast2/build/junitreport/TEST-test.beast.core.BEASTInterfaceTest.xml crashfile=/home/cerabier/workspace-beast2/beast2/junitvmwatcher8396702835280896713.properties propsfile=/home/cerabier/workspace-beast2/beast2/junit7879044283419873609.properties" />
    <property name="java.class.path" value="/home/cerabier/workspace-beast2/beast2/lib/beagle.jar:/home/cerabier/workspace-beast2/beast2/lib/jam.jar:/home/cerabier/workspace-beast2/beast2/lib/colt.jar:/home/cerabier/workspace-beast2/beast2/lib/fest.jar:/home/cerabier/workspace-beast2/beast2/lib/junit-4.8.2.jar:/home/cerabier/workspace-beast2/beast2/lib/antlr-runtime-4.5.jar:/home/cerabier/workspace-beast2/beast2/build:/home/cerabier/.p2/pool/plugins/org.apache.ant_1.10.1.v20170504-0840/lib/ant-launcher.jar:/home/cerabier/.p2/pool/plugins/org.apache.ant_1.10.1.v20170504-0840/lib/ant.jar:/home/cerabier/.p2/pool/plugins/org.apache.ant_1.10.1.v20170504-0840/lib/ant-junit.jar:/home/cerabier/.p2/pool/plugins/org.apache.ant_1.10.1.v20170504-0840/lib/ant-junit4.jar" />
    <property name="ant.version" value="Apache Ant(TM) version 1.10.1 compiled on February 2 2017" />
    <property name="sdk_dir" value="release/BEAST_SDK" />
    <property name="ant.file.type.BUILD_BEAST_2" value="file" />
    <property name="java.vm.specification.name" value="Java Virtual Machine Specification" />
    <property name="java.vm.specification.version" value="1.8" />
    <property name="sun.os.patch.level" value="unknown" />
    <property name="sun.cpu.endian" value="little" />
    <property name="Linux_package_dir" value="release/Linux/beast" />
    <property name="java.io.tmpdir" value="/tmp" />
    <property name="beast_name" value="beast" />
    <property name="java.vendor.url.bug" value="http://bugreport.sun.com/bugreport/" />
    <property name="java.awt.graphicsenv" value="sun.awt.X11GraphicsEnvironment" />
    <property name="os.arch" value="amd64" />
    <property name="java.ext.dirs" value="/usr/lib/jvm/java-8-oracle/jre/lib/ext:/usr/java/packages/lib/ext" />
    <property name="user.dir" value="/home/cerabier/workspace-beast2/beast2" />
    <property name="line.separator" value="&#xa;" />
    <property name="java.vm.name" value="Java HotSpot(TM) 64-Bit Server VM" />
    <property name="basedir" value="/home/cerabier/workspace-beast2/beast2" />
    <property name="ant.java.version" value="1.8" />
    <property name="ant.core.lib" value="/home/cerabier/.p2/pool/plugins/org.apache.ant_1.10.1.v20170504-0840/lib/ant.jar" />
    <property name="Windows_dir" value="release/Windows" />
    <property name="LogCombiner_name" value="LogCombiner" />
    <property name="file.encoding" value="UTF-8" />
    <property name="java.specification.version" value="1.8" />
    <property name="ant.project.invoked-targets" value="build_jar_all_BEAST" />
    <property name="Windows_package_dir" value="release/Windows/BEAST" />
  </properties>
  <testcase classname="test.beast.core.BEASTInterfaceTest" name="testBEASTi" time="0.017" />
  <testcase classname="test.beast.core.BEASTInterfaceTest" name="testInputType" time="0.001" />
  <system-out><![CDATA[]]></system-out>
  <system-err><![CDATA[test getCitation
test initByName
test listInputs
test initByName
test getInputValue
test getOutputs
OK
]]></system-err>
</testsuite>
